<?xml version="1.0" encoding="UTF-8"?>
<testng-results skipped="0" failed="0" ignored="0" total="2" passed="2">
  <reporter-output>
  </reporter-output>
  <suite name="Default suite" duration-ms="13430" started-at="2019-05-27T07:05:43Z" finished-at="2019-05-27T07:05:56Z">
    <groups>
    </groups>
    <test name="Default test" duration-ms="13430" started-at="2019-05-27T07:05:43Z" finished-at="2019-05-27T07:05:56Z">
      <class name="com.test.LoginTest">
        <test-method status="PASS" signature="m1()[pri:0, instance:com.test.LoginTest@1e88b3c]" name="m1" duration-ms="8182" started-at="2019-05-27T07:05:43Z" finished-at="2019-05-27T07:05:51Z">
          <reporter-output>
          </reporter-output>
        </test-method> <!-- m1 -->
        <test-method status="PASS" signature="search()[pri:0, instance:com.test.LoginTest@1e88b3c]" name="search" duration-ms="4450" started-at="2019-05-27T07:05:51Z" finished-at="2019-05-27T07:05:56Z">
          <reporter-output>
          </reporter-output>
        </test-method> <!-- search -->
        <test-method status="PASS" signature="teardown()[pri:0, instance:com.test.LoginTest@1e88b3c]" name="teardown" is-config="true" duration-ms="725" started-at="2019-05-27T07:05:56Z" finished-at="2019-05-27T07:05:56Z">
          <reporter-output>
          </reporter-output>
        </test-method> <!-- teardown -->
      </class> <!-- com.test.LoginTest -->
    </test> <!-- Default test -->
  </suite> <!-- Default suite -->
</testng-results>
